<?xml version="1.0" encoding="UTF-8"?>
<!-- Generated by org.testng.reporters.JUnitXMLReporter -->
<testsuite hostname="DESKTOP-D26R0D6" ignored="0" name="Default test(failed)" tests="3" failures="3" timestamp="23 Apr 2021 12:11:35 GMT" time="8.047" errors="0">
  <testcase name="AddEditProductionGoals" time="4.874" classname="Tests.AddEditProductionGoal">
    <failure type="java.lang.AssertionError" message="expected [true] but found [false]">
      <![CDATA[java.lang.AssertionError: expected [true] but found [false]
	at ScoutAPI.RestAssuredDemo.Base.Assert(Base.java:41)
	at Tests.AddEditProductionGoal.AddEditProductionGoals(AddEditProductionGoal.java:59)
... Removed 31 stack frames]]>
    </failure>
  </testcase> <!-- AddEditProductionGoals -->
  <testcase name="AddEditProductionGoals" time="1.487" classname="Tests.AddEditProductionGoal">
    <failure type="java.lang.AssertionError" message="1 expectation failed.
Expected status code &amp;lt;400&amp;gt; but was &amp;lt;200&amp;gt;.
">
      <![CDATA[java.lang.AssertionError: 1 expectation failed.
Expected status code <400> but was <200>.

	at org.codehaus.groovy.runtime.callsite.ConstructorSite$ConstructorSiteNoUnwrap.callConstructor(ConstructorSite.java:84)
	at org.codehaus.groovy.runtime.callsite.CallSiteArray.defaultCallConstructor(CallSiteArray.java:59)
	at org.codehaus.groovy.runtime.callsite.AbstractCallSite.callConstructor(AbstractCallSite.java:263)
	at org.codehaus.groovy.runtime.callsite.AbstractCallSite.callConstructor(AbstractCallSite.java:277)
	at io.restassured.internal.ResponseSpecificationImpl$HamcrestAssertionClosure.validate(ResponseSpecificationImpl.groovy:493)
	at io.restassured.internal.ResponseSpecificationImpl$HamcrestAssertionClosure$validate$1.call(Unknown Source)
	at io.restassured.internal.ResponseSpecificationImpl.validateResponseIfRequired(ResponseSpecificationImpl.groovy:674)
	at org.codehaus.groovy.runtime.callsite.PlainObjectMetaMethodSite.doInvoke(PlainObjectMetaMethodSite.java:43)
	at org.codehaus.groovy.runtime.callsite.PogoMetaMethodSite$PogoCachedMethodSiteNoUnwrapNoCoerce.invoke(PogoMetaMethodSite.java:193)
	at org.codehaus.groovy.runtime.callsite.PogoMetaMethodSite.callCurrent(PogoMetaMethodSite.java:61)
	at org.codehaus.groovy.runtime.callsite.AbstractCallSite.callCurrent(AbstractCallSite.java:185)
	at io.restassured.internal.ResponseSpecificationImpl.statusCode(ResponseSpecificationImpl.groovy:126)
	at io.restassured.specification.ResponseSpecification$statusCode$0.callCurrent(Unknown Source)
	at io.restassured.internal.ResponseSpecificationImpl.statusCode(ResponseSpecificationImpl.groovy:134)
	at io.restassured.internal.ValidatableResponseOptionsImpl.statusCode(ValidatableResponseOptionsImpl.java:89)
	at io.restassured.internal.ValidatableResponseImpl.super$2$statusCode(ValidatableResponseImpl.groovy)
	at groovy.lang.MetaMethod.doMethodInvoke(MetaMethod.java:323)
	at groovy.lang.MetaClassImpl.invokeMethod(MetaClassImpl.java:1262)
	at org.codehaus.groovy.runtime.ScriptBytecodeAdapter.invokeMethodOnSuperN(ScriptBytecodeAdapter.java:144)
	at io.restassured.internal.ValidatableResponseImpl.statusCode(ValidatableResponseImpl.groovy:142)
	at io.restassured.internal.ValidatableResponseImpl.statusCode(ValidatableResponseImpl.groovy)
	at Tests.AddEditProductionGoal.AddEditProductionGoals(AddEditProductionGoal.java:49)
... Removed 40 stack frames]]>
    </failure>
  </testcase> <!-- AddEditProductionGoals -->
  <testcase name="AddEditProductionGoals" time="1.651" classname="Tests.AddEditProductionGoal">
    <failure type="java.lang.AssertionError" message="expected [Method called with invalid parameters.] but found [Success]">
      <![CDATA[java.lang.AssertionError: expected [Method called with invalid parameters.] but found [Success]
	at ScoutAPI.RestAssuredDemo.Base.Assert(Base.java:41)
	at Tests.AddEditProductionGoal.AddEditProductionGoals(AddEditProductionGoal.java:59)
... Removed 31 stack frames]]>
    </failure>
  </testcase> <!-- AddEditProductionGoals -->
</testsuite> <!-- Default test(failed) -->
